[Licensing::Module] Trying to connect to existing licensing client channel...
[Licensing::IpcConnector] Successfully connected to: "LicenseClient-cooki" at "2026-03-16T16:05:41.3887159Z"
Built from '6000.3/staging' branch; Version is '6000.3.10f1 (e35f0c77bd8e) revision 14901004'; Using compiler version '194234433'; Build Type 'Release'
OS: 'Windows 11  (10.0.26200) Core' Language: 'en' Physical Memory: 32455 MB
BatchMode: 1, IsHumanControllingUs: 0, StartBugReporterOnCrash: 0, Is64bit: 1
System  architecture: x64
Process architecture: x64
Date: 2026-03-16T16:05:41Z

COMMAND LINE ARGUMENTS:
C:\Program Files\Unity\Hub\Editor\6000.3.10f1\Editor\Unity.exe
-adb2
-batchMode
-noUpm
-name
AssetImportWorker1
-projectPath
C:/Users/cooki/OneDrive/Desktop/MY FILES/Kuqis game files/NuclearDoughnuctruction
-logFile
Logs/AssetImportWorker1.log
-srvPort
62289
-licensingIpc
LicenseClient-cooki
-job-worker-count
7
-background-job-worker-count
8
-gc-helper-count
1
-name
AssetImport
Successfully changed project path to: C:/Users/cooki/OneDrive/Desktop/MY FILES/Kuqis game files/NuclearDoughnuctruction
C:/Users/cooki/OneDrive/Desktop/MY FILES/Kuqis game files/NuclearDoughnuctruction
[UnityMemory] Configuration Parameters - Can be set up in boot.config
    "memorysetup-temp-allocator-size-nav-mesh-worker=65536"
    "memorysetup-temp-allocator-size-audio-worker=65536"
    "memorysetup-temp-allocator-size-gfx=262144"
    "memorysetup-allocator-temp-initial-block-size-main=262144"
    "memorysetup-allocator-temp-initial-block-size-worker=262144"
    "memorysetup-temp-allocator-size-background-worker=32768"
    "memorysetup-temp-allocator-size-job-worker=262144"
    "memorysetup-temp-allocator-size-preload-manager=33554432"
    "memorysetup-temp-allocator-size-gi-baking-worker=262144"
    "memorysetup-temp-allocator-size-gi-baking-worker=262144"
    "memorysetup-temp-allocator-size-gi-baking-worker=262144"
    "memorysetup-temp-allocator-size-gi-baking-worker=262144"
    "memorysetup-temp-allocator-size-gi-baking-worker=262144"
    "memorysetup-bucket-allocator-granularity=16"
    "memorysetup-bucket-allocator-bucket-count=8"
    "memorysetup-bucket-allocator-block-size=33554432"
    "memorysetup-bucket-allocator-block-count=8"
    "memorysetup-main-allocator-block-size=16777216"
    "memorysetup-thread-allocator-block-size=16777216"
    "memorysetup-gfx-main-allocator-block-size=16777216"
    "memorysetup-gfx-thread-allocator-block-size=16777216"
    "memorysetup-cache-allocator-block-size=4194304"
    "memorysetup-typetree-allocator-block-size=2097152"
    "memorysetup-profiler-bucket-allocator-granularity=16"
    "memorysetup-profiler-bucket-allocator-bucket-count=8"
    "memorysetup-profiler-bucket-allocator-block-size=33554432"
    "memorysetup-profiler-bucket-allocator-block-count=8"
    "memorysetup-profiler-allocator-block-size=16777216"
    "memorysetup-profiler-editor-allocator-block-size=1048576"
    "memorysetup-temp-allocator-size-main=16777216"
    "memorysetup-job-temp-allocator-block-size=2097152"
    "memorysetup-job-temp-allocator-block-size-background=1048576"
    "memorysetup-job-temp-allocator-reduction-small-platforms=262144"
    "memorysetup-temp-allocator-size-cloud-worker=32768"
Player connection [23736]  Target information:

Player connection [23736]  * "[IP] 192.168.0.107 [Port] 0 [Flags] 2 [Guid] 60216980 [EditorId] 60216980 [Version] 1048832 [Id] WindowsEditor(7,CookiePC) [Debug] 1 [PackageName] WindowsEditor [ProjectName] Editor" 

Player connection [23736] Host joined multi-casting on [225.0.0.222:54997]...
Player connection [23736] Host joined alternative multi-casting on [225.0.0.222:34997]...
JobSystem: Creating JobQueue using job-worker-count value 7
Input System module state changed to: Initialized.
[Physics::Module] Initialized fallback backend.
[Physics::Module] Id: 0xdecafbad
Library Redirect Path: Library/
[Physics::Module] Selected backend.
[Physics::Module] Name: PhysX
[Physics::Module] Id: 0xf2b8ea05
[Physics::Module] SDK Version: 4.1.2
[Physics::Module] Integration Version: 1.0.0
[Physics::Module] Threading Mode: Multi-Threaded
Refreshing native plugins compatible for Editor in 3.23 ms, found 4 plugins.
Preloading 0 native plugins for Editor in 0.00 ms.
Initialize engine version: 6000.3.10f1 (e35f0c77bd8e)
[Subsystems] Discovering subsystems at path C:/Program Files/Unity/Hub/Editor/6000.3.10f1/Editor/Data/Resources/UnitySubsystems
[Subsystems] Discovering subsystems at path C:/Users/cooki/OneDrive/Desktop/MY FILES/Kuqis game files/NuclearDoughnuctruction/Assets
GfxDevice: creating device client; kGfxThreadingModeNonThreaded
Direct3D:
    Version:  Direct3D 11.0 [level 11.1]
    Renderer: NVIDIA GeForce RTX 5050 Laptop GPU (ID=0x2d98)
    Vendor:   NVIDIA
    VRAM:     7910 MB
    Driver:   32.0.15.9144
Shader 'Universal Render Pipeline/Nature/SpeedTree7': fallback shader 'Hidden/Universal Render Pipeline/FallbackError' not found
Shader 'Universal Render Pipeline/Nature/SpeedTree7': dependency 'BillboardShader' shader 'Universal Render Pipeline/Nature/SpeedTree7 Billboard' not found
Shader 'Hidden/Universal Render Pipeline/StencilDeferred': fallback shader 'Hidden/Universal Render Pipeline/FallbackError' not found
Shader 'Hidden/Universal Render Pipeline/FallbackError': fallback shader 'Hidden/Core/FallbackError' not found
Shader 'Universal Render Pipeline/Lit': fallback shader 'Hidden/Universal Render Pipeline/FallbackError' not found
Shader 'Universal Render Pipeline/Particles/Unlit': fallback shader 'Hidden/Universal Render Pipeline/FallbackError' not found
Shader 'Universal Render Pipeline/VR/SpatialMapping/Occlusion': fallback shader 'Hidden/Universal Render Pipeline/FallbackError' not found
Shader 'Universal Render Pipeline/VR/SpatialMapping/Wireframe': fallback shader 'Hidden/Universal Render Pipeline/FallbackError' not found
Shader 'Universal Render Pipeline/Simple Lit': fallback shader 'Hidden/Universal Render Pipeline/FallbackError' not found
Shader 'Universal Render Pipeline/Particles/Simple Lit': fallback shader 'Universal Render Pipeline/Particles/Unlit' not found
Shader 'Universal Render Pipeline/Nature/SpeedTree8': fallback shader 'Hidden/Universal Render Pipeline/FallbackError' not found
Shader 'Hidden/Universal Render Pipeline/Terrain/Lit (Add Pass)': fallback shader 'Hidden/Universal Render Pipeline/FallbackError' not found
Shader 'Universal Render Pipeline/Complex Lit': fallback shader 'Hidden/Universal Render Pipeline/FallbackError' not found
Shader 'Universal Render Pipeline/Unlit': fallback shader 'Hidden/Universal Render Pipeline/FallbackError' not found
Shader 'Hidden/Universal Render Pipeline/ClusterDeferred': fallback shader 'Hidden/Universal Render Pipeline/FallbackError' not found
Shader 'TextMeshPro/Distance Field SSD': fallback shader 'TextMeshPro/Mobile/Distance Field' not found
Shader 'TextMeshPro/Distance Field': fallback shader 'TextMeshPro/Mobile/Distance Field' not found
Shader 'TextMeshPro/Distance Field Overlay': fallback shader 'TextMeshPro/Mobile/Distance Field' not found
Initialize mono
Mono path[0] = 'C:/Program Files/Unity/Hub/Editor/6000.3.10f1/Editor/Data/Managed'
Mono path[1] = 'C:/Program Files/Unity/Hub/Editor/6000.3.10f1/Editor/Data/MonoBleedingEdge/lib/mono/unityjit-win32'
Mono config path = 'C:/Program Files/Unity/Hub/Editor/6000.3.10f1/Editor/Data/MonoBleedingEdge/etc'
Using monoOptions --debugger-agent=transport=dt_socket,embedding=1,server=y,suspend=n,address=127.0.0.1:56796
Begin MonoManager ReloadAssembly
Registering precompiled unity dll's ...
Register platform support module: C:/Program Files/Unity/Hub/Editor/6000.3.10f1/Editor/Data/PlaybackEngines/WebGLSupport/UnityEditor.WebGL.Extensions.dll
Register platform support module: C:/Program Files/Unity/Hub/Editor/6000.3.10f1/Editor/Data/PlaybackEngines/WindowsStandaloneSupport/UnityEditor.WindowsStandalone.Extensions.dll
[Licensing::Module] Licensing is not yet initialized.
[Licensing::Client] Error: HandshakeResponse reported an error:
	ResponseCode: 505
	ResponseStatus: Unsupported protocol version '1.17.4'.
[Licensing::Module] Error: Failed to handshake to channel: "LicenseClient-cooki"
[Licensing::IpcConnector] LicenseClient-cooki channel disconnected successfully.
[Licensing::IpcConnector] Successfully connected to: "LicenseClient-cooki-6000.3.10" at "2026-03-16T16:05:42.8574618Z"
[Licensing::Client] Handshaking with LicensingClient:
  Version:                 1.17.4+4293ba1
  Session Id:              734fb7404a514052b062bd402100c4a0
  Correlation Id:          9e6b724b284eaa7149255d0bd35e5520
  External correlation Id: 574822686019884690
  Machine Id:              7EwIFgMYZCXiuBDPtpi7saVfWvw=
[Licensing::Module] Successfully connected to LicensingClient on channel: "LicenseClient-cooki-6000.3.10" (connect: 0.00s, validation: 0.00s, handshake: 1.23s)
[Licensing::IpcConnector] Successfully connected to: "LicenseClient-cooki-6000.3.10-notifications" at "2026-03-16T16:05:44.0923721Z"
[Licensing::Module] Licensing Background thread has ended after 2.70s
[Licensing::Module] Licensing is initialized (took 1.55s).
[Licensing::Client] Successfully resolved entitlement details
[Licensing::Module] License group:
  Id: 18968093066157-UnityPersXXXX
  Product: Unity Personal
  Type: Assigned
  Expiration: Unlimited
Register platform support module: C:/Program Files/Unity/Hub/Editor/6000.3.10f1/Editor/Data/PlaybackEngines/MetroSupport/UnityEditor.UWP.Extensions.dll
Registered in 1.555031 seconds.
- Loaded All Assemblies, in  2.181 seconds
Native extension for UWP target not found
Native extension for WindowsStandalone target not found
Native extension for WebGL target not found
ScheduleIndexationOnStartup MainProcess:False IndexOnStartup:True
Mono: successfully reloaded assembly
- Finished resetting the current domain, in  0.591 seconds
Domain Reload Profiling: 2769ms
	BeginReloadAssembly (205ms)
		ExecutionOrderSort (0ms)
		DisableScriptedObjects (0ms)
		BackupInstance (0ms)
		ReleaseScriptingObjects (0ms)
		CreateAndSetChildDomain (1ms)
	RebuildCommonClasses (71ms)
	RebuildNativeTypeToScriptingClass (26ms)
	initialDomainReloadingComplete (1619ms)
	LoadAllAssembliesAndSetupDomain (257ms)
		LoadAssemblies (201ms)
		RebuildTransferFunctionScriptingTraits (0ms)
		AnalyzeDomain (252ms)
			TypeCache.Refresh (250ms)
				TypeCache.ScanAssembly (236ms)
			BuildScriptInfoCaches (0ms)
			ResolveRequiredComponents (1ms)
	FinalizeReload (591ms)
		ReleaseScriptCaches (0ms)
		RebuildScriptCaches (0ms)
		SetupLoadedEditorAssemblies (548ms)
			LogAssemblyErrors (0ms)
			InitializePlatformSupportModulesInManaged (74ms)
			SetLoadedEditorAssemblies (5ms)
			BeforeProcessingInitializeOnLoad (118ms)
			ProcessInitializeOnLoadAttributes (252ms)
			ProcessInitializeOnLoadMethodAttributes (100ms)
			AfterProcessingInitializeOnLoad (0ms)
			EditorAssembliesLoaded (0ms)
		ExecutionOrderSort2 (0ms)
		AwakeInstancesAfterBackupRestoration (0ms)
========================================================================
Worker process is ready to serve import requests
Import Worker Mode flag is 0x00
Begin MonoManager ReloadAssembly
[Licensing::Client] Successfully resolved entitlement details
- Loaded All Assemblies, in  1.045 seconds
Refreshing native plugins compatible for Editor in 1.40 ms, found 4 plugins.
Native extension for UWP target not found
Native extension for WindowsStandalone target not found
Native extension for WebGL target not found
Package Manager log level set to [2]
[Package Manager] Failed to launch server process. Reason: Unity was launched with the -noUpm command-line argument
[Package Manager] Unable to send message (not connected to server process).
[Package Manager] Cannot connect to Unity Package Manager local server
ScheduleIndexationOnStartup MainProcess:False IndexOnStartup:True
Shader 'Universal Render Pipeline/Autodesk Interactive/AutodeskInteractive': fallback shader 'Hidden/Shader Graph/FallbackError' not found
Shader 'Universal Render Pipeline/Autodesk Interactive/AutodeskInteractiveTransparent': fallback shader 'Hidden/Shader Graph/FallbackError' not found
Shader 'Universal Render Pipeline/Autodesk Interactive/AutodeskInteractiveMasked': fallback shader 'Hidden/Shader Graph/FallbackError' not found
Shader 'Universal Render Pipeline/Nature/SpeedTree8_PBRLit': fallback shader 'Hidden/Shader Graph/FallbackError' not found
Shader 'Universal Render Pipeline/Nature/SpeedTree9_URP': fallback shader 'Hidden/Shader Graph/FallbackError' not found
Shader 'Universal Render Pipeline/Terrain/Lit': fallback shader 'Hidden/Universal Render Pipeline/FallbackError' not found
Shader 'Universal Render Pipeline/Terrain/Lit': dependency 'AddPassShader' shader 'Hidden/Universal Render Pipeline/Terrain/Lit (Add Pass)' not found
Shader 'Universal Render Pipeline/Terrain/Lit': dependency 'BaseMapShader' shader 'Hidden/Universal Render Pipeline/Terrain/Lit (Base Pass)' not found
Shader 'Universal Render Pipeline/Terrain/Lit': dependency 'BaseMapGenShader' shader 'Hidden/Universal Render Pipeline/Terrain/Lit (Basemap Gen)' not found
Shader 'Shader Graphs/Decal': fallback shader 'Hidden/Shader Graph/FallbackError' not found
Mono: successfully reloaded assembly
- Finished resetting the current domain, in  1.067 seconds
Domain Reload Profiling: 2108ms
	BeginReloadAssembly (223ms)
		ExecutionOrderSort (0ms)
		DisableScriptedObjects (9ms)
		BackupInstance (0ms)
		ReleaseScriptingObjects (0ms)
		CreateAndSetChildDomain (40ms)
	RebuildCommonClasses (42ms)
	RebuildNativeTypeToScriptingClass (16ms)
	initialDomainReloadingComplete (49ms)
	LoadAllAssembliesAndSetupDomain (711ms)
		LoadAssemblies (445ms)
		RebuildTransferFunctionScriptingTraits (0ms)
		AnalyzeDomain (387ms)
			TypeCache.Refresh (246ms)
				TypeCache.ScanAssembly (230ms)
			BuildScriptInfoCaches (123ms)
			ResolveRequiredComponents (13ms)
	FinalizeReload (1068ms)
		ReleaseScriptCaches (0ms)
		RebuildScriptCaches (0ms)
		SetupLoadedEditorAssemblies (896ms)
			LogAssemblyErrors (0ms)
			InitializePlatformSupportModulesInManaged (2ms)
			SetLoadedEditorAssemblies (7ms)
			BeforeProcessingInitializeOnLoad (225ms)
			ProcessInitializeOnLoadAttributes (493ms)
			ProcessInitializeOnLoadMethodAttributes (163ms)
			AfterProcessingInitializeOnLoad (5ms)
			EditorAssembliesLoaded (0ms)
		ExecutionOrderSort2 (0ms)
		AwakeInstancesAfterBackupRestoration (8ms)
WARNING: Shader Unsupported: 'Hidden/Universal Render Pipeline/Terrain/Lit (Base Pass)' - All subshaders removed
WARNING: Shader Did you use #pragma only_renderers and omit this platform?
WARNING: Shader If subshaders removal was intentional, you may have forgotten turning Fallback off?
WARNING: Shader Unsupported: 'Hidden/Universal Render Pipeline/Terrain/Lit (Base Pass)' - All subshaders removed
WARNING: Shader Did you use #pragma only_renderers and omit this platform?
WARNING: Shader If subshaders removal was intentional, you may have forgotten turning Fallback off?
Failed to load shader (instanceID 1002, GUID 0ca6dca7396eb48e5849247ffd444914)
Failed to load shader (instanceID 914, GUID f056d8bd2a1c7e44e9729144b4c70395)
Failed to load shader (instanceID 1020, GUID 5ec81c81908db34429b4f6ddecadd3bd)
Failed to load shader (instanceID 910, GUID c56b7e0d4c7cb484e959caeeedae9bbf)
Failed to load shader (instanceID 874, GUID 5f1864addb451f54bae8c86d230f736e)
Failed to load shader (instanceID 918, GUID d5a307c014552314b9f560906d708772)
Failed to load shader (instanceID 984, GUID 3230fdc399f8287488325e5941a00527)
Failed to load shader (instanceID 982, GUID b7839dad95683814aa64166edc107ae2)
Shader 'Universal Render Pipeline/Nature/SpeedTree7': dependency 'BillboardShader' shader 'Universal Render Pipeline/Nature/SpeedTree7 Billboard' not found
Launched and connected shader compiler UnityShaderCompiler.exe after 0.02 seconds
Refreshing native plugins compatible for Editor in 1.23 ms, found 4 plugins.
Preloading 0 native plugins for Editor in 0.00 ms.
Unloading 17 Unused Serialized files (Serialized files now loaded: 0)
Unloading 6972 unused Assets / (4.1 MB). Loaded Objects now: 7797.
Memory consumption went from 155.1 MB to 151.0 MB.
Total: 9.524600 ms (FindLiveObjects: 0.614400 ms CreateObjectMapping: 0.385100 ms MarkObjects: 6.381300 ms  DeleteObjects: 2.142200 ms)

========================================================================
Received Import Request.
  Time since last request: 2316.313848 seconds.
  path: Assets/scripts/TouchTargetsDisablePhysics.cs
  artifactKey: Guid(854dde355a400c345bd2373dff308485) Importer(2089858483,b0f066a214c2f5e87bad3c948f4d605d)
Start importing Assets/scripts/TouchTargetsDisablePhysics.cs using Guid(854dde355a400c345bd2373dff308485) Importer(2089858483,b0f066a214c2f5e87bad3c948f4d605d) (ScriptedImporter) -> (artifact id: 'c5a9188423ffda36ade2dcfb75922ea6') in 0.0904598 seconds
Number of updated asset objects reloaded before import = 0Number of asset objects unloaded after import = 0

========================================================================
Received Import Request.
  Time since last request: 18.115746 seconds.
  path: Assets/Settings/Renderer2D.asset
  artifactKey: Guid(424799608f7334c24bf367e4bbfa7f9a) Importer(815301076,1909f56bfc062723c751e8b465ee728b)
Start importing Assets/Settings/Renderer2D.asset using Guid(424799608f7334c24bf367e4bbfa7f9a) Importer(815301076,1909f56bfc062723c751e8b465ee728b) (PreviewImporter) -> (artifact id: '403a0a9c0aeae1e5730532c1b4a28511') in 0.0489094 seconds
Number of updated asset objects reloaded before import = 0Number of asset objects unloaded after import = 0

========================================================================
Received Import Request.
  Time since last request: 0.000050 seconds.
  path: Assets/Settings/UniversalRP.asset
  artifactKey: Guid(681886c5eb7344803b6206f758bf0b1c) Importer(815301076,1909f56bfc062723c751e8b465ee728b)
Start importing Assets/Settings/UniversalRP.asset using Guid(681886c5eb7344803b6206f758bf0b1c) Importer(815301076,1909f56bfc062723c751e8b465ee728b) (PreviewImporter) -> (artifact id: '14c20f7293d7e040f757804153552e3a') in 0.001677 seconds
Number of updated asset objects reloaded before import = 0Number of asset objects unloaded after import = 0

========================================================================
Received Import Request.
  Time since last request: 2.996010 seconds.
  path: Assets/GameObject/New Piskel-1.png (2)_0.prefab
  artifactKey: Guid(1c7e01f28086ed54bb8c2b41bac412d3) Importer(815301076,1909f56bfc062723c751e8b465ee728b)
Start importing Assets/GameObject/New Piskel-1.png (2)_0.prefab using Guid(1c7e01f28086ed54bb8c2b41bac412d3) Importer(815301076,1909f56bfc062723c751e8b465ee728b) (PreviewImporter)Missing shader. PostProcessing render passes will not execute. Check for missing reference in the renderer resources.
UnityEngine.Debug:ExtractStackTraceNoAlloc (byte*,int,string)
UnityEngine.StackTraceUtility:ExtractStackTrace ()
UnityEngine.DebugLogHandler:Internal_Log (UnityEngine.LogType,UnityEngine.LogOption,string,UnityEngine.Object)
UnityEngine.DebugLogHandler:LogFormat (UnityEngine.LogType,UnityEngine.Object,string,object[])
UnityEngine.Logger:LogFormat (UnityEngine.LogType,string,object[])
UnityEngine.Debug:LogErrorFormat (string,object[])
UnityEngine.Rendering.Universal.PostProcessMaterialLibrary:Load (UnityEngine.Shader) (at ./Library/PackageCache/com.unity.render-pipelines.universal@37e0d4fc2503/Runtime/Passes/PostProcessPassRenderGraph.cs:3107)
UnityEngine.Rendering.Universal.PostProcessMaterialLibrary:.ctor (UnityEngine.Rendering.Universal.PostProcessData) (at ./Library/PackageCache/com.unity.render-pipelines.universal@37e0d4fc2503/Runtime/Passes/PostProcessPassRenderGraph.cs:3088)
UnityEngine.Rendering.Universal.PostProcessPassRenderGraph:.ctor (UnityEngine.Rendering.Universal.PostProcessData,UnityEngine.Experimental.Rendering.GraphicsFormat) (at ./Library/PackageCache/com.unity.render-pipelines.universal@37e0d4fc2503/Runtime/Passes/PostProcessPassRenderGraph.cs:172)
UnityEngine.Rendering.Universal.Renderer2D:.ctor (UnityEngine.Rendering.Universal.Renderer2DData) (at ./Library/PackageCache/com.unity.render-pipelines.universal@37e0d4fc2503/Runtime/2D/Rendergraph/Renderer2DRendergraph.cs:139)
UnityEngine.Rendering.Universal.Renderer2DData:Create () (at ./Library/PackageCache/com.unity.render-pipelines.universal@37e0d4fc2503/Runtime/2D/Renderer2DData.cs:101)
UnityEngine.Rendering.Universal.ScriptableRendererData:InternalCreateRenderer () (at ./Library/PackageCache/com.unity.render-pipelines.universal@37e0d4fc2503/Runtime/ScriptableRendererData.cs:68)
UnityEngine.Rendering.Universal.UniversalRenderPipelineAsset:CreateRenderers () (at ./Library/PackageCache/com.unity.render-pipelines.universal@37e0d4fc2503/Runtime/Data/UniversalRenderPipelineAsset.cs:884)
UnityEngine.Rendering.Universal.UniversalRenderPipelineAsset:CreatePipeline () (at ./Library/PackageCache/com.unity.render-pipelines.universal@37e0d4fc2503/Runtime/Data/UniversalRenderPipelineAsset.cs:831)
UnityEngine.Rendering.RenderPipelineAsset:InternalCreatePipeline ()
UnityEngine.Rendering.RenderPipelineManager:TryPrepareRenderPipeline (UnityEngine.Rendering.RenderPipelineAsset)
UnityEngine.Rendering.RenderPipelineManager:DoRenderLoop_Internal (UnityEngine.Rendering.RenderPipelineAsset,intptr,UnityEngine.Object,Unity.Collections.LowLevel.Unsafe.AtomicSafetyHandle)
UnityEngine.Camera:Render ()
UnityEditor.PreviewRenderUtility:Render (bool,bool)
UnityEditor.GameObjectInspector:DoRenderPreview (UnityEditor.GameObjectInspector/PreviewData)
UnityEditor.GameObjectInspector:RenderStaticPreview (string,UnityEngine.Object[],int,int)
UnityEditor.AssetPreviewUpdater:CreatePreview (UnityEngine.Object,UnityEngine.Object[],string,int,int)
UnityEditor.AssetPreviewUpdater:CreatePreviewForAsset (UnityEngine.Object,UnityEngine.Object[],string)

(Filename: ./Library/PackageCache/com.unity.render-pipelines.universal@37e0d4fc2503/Runtime/Passes/PostProcessPassRenderGraph.cs Line: 3107)

Missing shader. PostProcessing render passes will not execute. Check for missing reference in the renderer resources.
UnityEngine.Debug:ExtractStackTraceNoAlloc (byte*,int,string)
UnityEngine.StackTraceUtility:ExtractStackTrace ()
UnityEngine.DebugLogHandler:Internal_Log (UnityEngine.LogType,UnityEngine.LogOption,string,UnityEngine.Object)
UnityEngine.DebugLogHandler:LogFormat (UnityEngine.LogType,UnityEngine.Object,string,object[])
UnityEngine.Logger:LogFormat (UnityEngine.LogType,string,object[])
UnityEngine.Debug:LogErrorFormat (string,object[])
UnityEngine.Rendering.Universal.PostProcessMaterialLibrary:Load (UnityEngine.Shader) (at ./Library/PackageCache/com.unity.render-pipelines.universal@37e0d4fc2503/Runtime/Passes/PostProcessPassRenderGraph.cs:3107)
UnityEngine.Rendering.Universal.PostProcessMaterialLibrary:.ctor (UnityEngine.Rendering.Universal.PostProcessData) (at ./Library/PackageCache/com.unity.render-pipelines.universal@37e0d4fc2503/Runtime/Passes/PostProcessPassRenderGraph.cs:3098)
UnityEngine.Rendering.Universal.PostProcessPassRenderGraph:.ctor (UnityEngine.Rendering.Universal.PostProcessData,UnityEngine.Experimental.Rendering.GraphicsFormat) (at ./Library/PackageCache/com.unity.render-pipelines.universal@37e0d4fc2503/Runtime/Passes/PostProcessPassRenderGraph.cs:172)
UnityEngine.Rendering.Universal.Renderer2D:.ctor (UnityEngine.Rendering.Universal.Renderer2DData) (at ./Library/PackageCache/com.unity.render-pipelines.universal@37e0d4fc2503/Runtime/2D/Rendergraph/Renderer2DRendergraph.cs:139)
UnityEngine.Rendering.Universal.Renderer2DData:Create () (at ./Library/PackageCache/com.unity.render-pipelines.universal@37e0d4fc2503/Runtime/2D/Renderer2DData.cs:101)
UnityEngine.Rendering.Universal.ScriptableRendererData:InternalCreateRenderer () (at ./Library/PackageCache/com.unity.render-pipelines.universal@37e0d4fc2503/Runtime/ScriptableRendererData.cs:68)
UnityEngine.Rendering.Universal.UniversalRenderPipelineAsset:CreateRenderers () (at ./Library/PackageCache/com.unity.render-pipelines.universal@37e0d4fc2503/Runtime/Data/UniversalRenderPipelineAsset.cs:884)
UnityEngine.Rendering.Universal.UniversalRenderPipelineAsset:CreatePipeline () (at ./Library/PackageCache/com.unity.render-pipelines.universal@37e0d4fc2503/Runtime/Data/UniversalRenderPipelineAsset.cs:831)
UnityEngine.Rendering.RenderPipelineAsset:InternalCreatePipeline ()
UnityEngine.Rendering.RenderPipelineManager:TryPrepareRenderPipeline (UnityEngine.Rendering.RenderPipelineAsset)
UnityEngine.Rendering.RenderPipelineManager:DoRenderLoop_Internal (UnityEngine.Rendering.RenderPipelineAsset,intptr,UnityEngine.Object,Unity.Collections.LowLevel.Unsafe.AtomicSafetyHandle)
UnityEngine.Camera:Render ()
UnityEditor.PreviewRenderUtility:Render (bool,bool)
UnityEditor.GameObjectInspector:DoRenderPreview (UnityEditor.GameObjectInspector/PreviewData)
UnityEditor.GameObjectInspector:RenderStaticPreview (string,UnityEngine.Object[],int,int)
UnityEditor.AssetPreviewUpdater:CreatePreview (UnityEngine.Object,UnityEngine.Object[],string,int,int)
UnityEditor.AssetPreviewUpdater:CreatePreviewForAsset (UnityEngine.Object,UnityEngine.Object[],string)

(Filename: ./Library/PackageCache/com.unity.render-pipelines.universal@37e0d4fc2503/Runtime/Passes/PostProcessPassRenderGraph.cs Line: 3107)

Missing shader. PostProcessing render passes will not execute. Check for missing reference in the renderer resources.
UnityEngine.Debug:ExtractStackTraceNoAlloc (byte*,int,string)
UnityEngine.StackTraceUtility:ExtractStackTrace ()
UnityEngine.DebugLogHandler:Internal_Log (UnityEngine.LogType,UnityEngine.LogOption,string,UnityEngine.Object)
UnityEngine.DebugLogHandler:LogFormat (UnityEngine.LogType,UnityEngine.Object,string,object[])
UnityEngine.Logger:LogFormat (UnityEngine.LogType,string,object[])
UnityEngine.Debug:LogErrorFormat (string,object[])
UnityEngine.Rendering.Universal.PostProcessMaterialLibrary:Load (UnityEngine.Shader) (at ./Library/PackageCache/com.unity.render-pipelines.universal@37e0d4fc2503/Runtime/Passes/PostProcessPassRenderGraph.cs:3107)
UnityEngine.Rendering.Universal.PostProcessMaterialLibrary:.ctor (UnityEngine.Rendering.Universal.PostProcessData) (at ./Library/PackageCache/com.unity.render-pipelines.universal@37e0d4fc2503/Runtime/Passes/PostProcessPassRenderGraph.cs:3098)
UnityEngine.Rendering.Universal.PostProcessPassRenderGraph:.ctor (UnityEngine.Rendering.Universal.PostProcessData,UnityEngine.Experimental.Rendering.GraphicsFormat) (at ./Library/PackageCache/com.unity.render-pipelines.universal@37e0d4fc2503/Runtime/Passes/PostProcessPassRenderGraph.cs:172)
UnityEngine.Rendering.Universal.Renderer2D:.ctor (UnityEngine.Rendering.Universal.Renderer2DData) (at ./Library/PackageCache/com.unity.render-pipelines.universal@37e0d4fc2503/Runtime/2D/Rendergraph/Renderer2DRendergraph.cs:139)
UnityEngine.Rendering.Universal.Renderer2DData:Create () (at ./Library/PackageCache/com.unity.render-pipelines.universal@37e0d4fc2503/Runtime/2D/Renderer2DData.cs:101)
UnityEngine.Rendering.Universal.ScriptableRendererData:InternalCreateRenderer () (at ./Library/PackageCache/com.unity.render-pipelines.universal@37e0d4fc2503/Runtime/ScriptableRendererData.cs:68)
UnityEngine.Rendering.Universal.UniversalRenderPipelineAsset:CreateRenderers () (at ./Library/PackageCache/com.unity.render-pipelines.universal@37e0d4fc2503/Runtime/Data/UniversalRenderPipelineAsset.cs:884)
UnityEngine.Rendering.Universal.UniversalRenderPipelineAsset:CreatePipeline () (at ./Library/PackageCache/com.unity.render-pipelines.universal@37e0d4fc2503/Runtime/Data/UniversalRenderPipelineAsset.cs:831)
UnityEngine.Rendering.RenderPipelineAsset:InternalCreatePipeline ()
UnityEngine.Rendering.RenderPipelineManager:TryPrepareRenderPipeline (UnityEngine.Rendering.RenderPipelineAsset)
UnityEngine.Rendering.RenderPipelineManager:DoRenderLoop_Internal (UnityEngine.Rendering.RenderPipelineAsset,intptr,UnityEngine.Object,Unity.Collections.LowLevel.Unsafe.AtomicSafetyHandle)
UnityEngine.Camera:Render ()
UnityEditor.PreviewRenderUtility:Render (bool,bool)
UnityEditor.GameObjectInspector:DoRenderPreview (UnityEditor.GameObjectInspector/PreviewData)
UnityEditor.GameObjectInspector:RenderStaticPreview (string,UnityEngine.Object[],int,int)
UnityEditor.AssetPreviewUpdater:CreatePreview (UnityEngine.Object,UnityEngine.Object[],string,int,int)
UnityEditor.AssetPreviewUpdater:CreatePreviewForAsset (UnityEngine.Object,UnityEngine.Object[],string)

(Filename: ./Library/PackageCache/com.unity.render-pipelines.universal@37e0d4fc2503/Runtime/Passes/PostProcessPassRenderGraph.cs Line: 3107)

Missing shader. PostProcessing render passes will not execute. Check for missing reference in the renderer resources.
UnityEngine.Debug:ExtractStackTraceNoAlloc (byte*,int,string)
UnityEngine.StackTraceUtility:ExtractStackTrace ()
UnityEngine.DebugLogHandler:Internal_Log (UnityEngine.LogType,UnityEngine.LogOption,string,UnityEngine.Object)
UnityEngine.DebugLogHandler:LogFormat (UnityEngine.LogType,UnityEngine.Object,string,object[])
UnityEngine.Logger:LogFormat (UnityEngine.LogType,string,object[])
UnityEngine.Debug:LogErrorFormat (string,object[])
UnityEngine.Rendering.Universal.PostProcessMaterialLibrary:Load (UnityEngine.Shader) (at ./Library/PackageCache/com.unity.render-pipelines.universal@37e0d4fc2503/Runtime/Passes/PostProcessPassRenderGraph.cs:3107)
UnityEngine.Rendering.Universal.PostProcessMaterialLibrary:.ctor (UnityEngine.Rendering.Universal.PostProcessData) (at ./Library/PackageCache/com.unity.render-pipelines.universal@37e0d4fc2503/Runtime/Passes/PostProcessPassRenderGraph.cs:3098)
UnityEngine.Rendering.Universal.PostProcessPassRenderGraph:.ctor (UnityEngine.Rendering.Universal.PostProcessData,UnityEngine.Experimental.Rendering.GraphicsFormat) (at ./Library/PackageCache/com.unity.render-pipelines.universal@37e0d4fc2503/Runtime/Passes/PostProcessPassRenderGraph.cs:172)
UnityEngine.Rendering.Universal.Renderer2D:.ctor (UnityEngine.Rendering.Universal.Renderer2DData) (at ./Library/PackageCache/com.unity.render-pipelines.universal@37e0d4fc2503/Runtime/2D/Rendergraph/Renderer2DRendergraph.cs:139)
UnityEngine.Rendering.Universal.Renderer2DData:Create () (at ./Library/PackageCache/com.unity.render-pipelines.universal@37e0d4fc2503/Runtime/2D/Renderer2DData.cs:101)
UnityEngine.Rendering.Universal.ScriptableRendererData:InternalCreateRenderer () (at ./Library/PackageCache/com.unity.render-pipelines.universal@37e0d4fc2503/Runtime/ScriptableRendererData.cs:68)
UnityEngine.Rendering.Universal.UniversalRenderPipelineAsset:CreateRenderers () (at ./Library/PackageCache/com.unity.render-pipelines.universal@37e0d4fc2503/Runtime/Data/UniversalRenderPipelineAsset.cs:884)
UnityEngine.Rendering.Universal.UniversalRenderPipelineAsset:CreatePipeline () (at ./Library/PackageCache/com.unity.render-pipelines.universal@37e0d4fc2503/Runtime/Data/UniversalRenderPipelineAsset.cs:831)
UnityEngine.Rendering.RenderPipelineAsset:InternalCreatePipeline ()
UnityEngine.Rendering.RenderPipelineManager:TryPrepareRenderPipeline (UnityEngine.Rendering.RenderPipelineAsset)
UnityEngine.Rendering.RenderPipelineManager:DoRenderLoop_Internal (UnityEngine.Rendering.RenderPipelineAsset,intptr,UnityEngine.Object,Unity.Collections.LowLevel.Unsafe.AtomicSafetyHandle)
UnityEngine.Camera:Render ()
UnityEditor.PreviewRenderUtility:Render (bool,bool)
UnityEditor.GameObjectInspector:DoRenderPreview (UnityEditor.GameObjectInspector/PreviewData)
UnityEditor.GameObjectInspector:RenderStaticPreview (string,UnityEngine.Object[],int,int)
UnityEditor.AssetPreviewUpdater:CreatePreview (UnityEngine.Object,UnityEngine.Object[],string,int,int)
UnityEditor.AssetPreviewUpdater:CreatePreviewForAsset (UnityEngine.Object,UnityEngine.Object[],string)

(Filename: ./Library/PackageCache/com.unity.render-pipelines.universal@37e0d4fc2503/Runtime/Passes/PostProcessPassRenderGraph.cs Line: 3107)

Missing shader. PostProcessing render passes will not execute. Check for missing reference in the renderer resources.
UnityEngine.Debug:ExtractStackTraceNoAlloc (byte*,int,string)
UnityEngine.StackTraceUtility:ExtractStackTrace ()
UnityEngine.DebugLogHandler:Internal_Log (UnityEngine.LogType,UnityEngine.LogOption,string,UnityEngine.Object)
UnityEngine.DebugLogHandler:LogFormat (UnityEngine.LogType,UnityEngine.Object,string,object[])
UnityEngine.Logger:LogFormat (UnityEngine.LogType,string,object[])
UnityEngine.Debug:LogErrorFormat (string,object[])
UnityEngine.Rendering.Universal.PostProcessMaterialLibrary:Load (UnityEngine.Shader) (at ./Library/PackageCache/com.unity.render-pipelines.universal@37e0d4fc2503/Runtime/Passes/PostProcessPassRenderGraph.cs:3107)
UnityEngine.Rendering.Universal.PostProcessMaterialLibrary:.ctor (UnityEngine.Rendering.Universal.PostProcessData) (at ./Library/PackageCache/com.unity.render-pipelines.universal@37e0d4fc2503/Runtime/Passes/PostProcessPassRenderGraph.cs:3098)
UnityEngine.Rendering.Universal.PostProcessPassRenderGraph:.ctor (UnityEngine.Rendering.Universal.PostProcessData,UnityEngine.Experimental.Rendering.GraphicsFormat) (at ./Library/PackageCache/com.unity.render-pipelines.universal@37e0d4fc2503/Runtime/Passes/PostProcessPassRenderGraph.cs:172)
UnityEngine.Rendering.Universal.Renderer2D:.ctor (UnityEngine.Rendering.Universal.Renderer2DData) (at ./Library/PackageCache/com.unity.render-pipelines.universal@37e0d4fc2503/Runtime/2D/Rendergraph/Renderer2DRendergraph.cs:139)
UnityEngine.Rendering.Universal.Renderer2DData:Create () (at ./Library/PackageCache/com.unity.render-pipelines.universal@37e0d4fc2503/Runtime/2D/Renderer2DData.cs:101)
UnityEngine.Rendering.Universal.ScriptableRendererData:InternalCreateRenderer () (at ./Library/PackageCache/com.unity.render-pipelines.universal@37e0d4fc2503/Runtime/ScriptableRendererData.cs:68)
UnityEngine.Rendering.Universal.UniversalRenderPipelineAsset:CreateRenderers () (at ./Library/PackageCache/com.unity.render-pipelines.universal@37e0d4fc2503/Runtime/Data/UniversalRenderPipelineAsset.cs:884)
UnityEngine.Rendering.Universal.UniversalRenderPipelineAsset:CreatePipeline () (at ./Library/PackageCache/com.unity.render-pipelines.universal@37e0d4fc2503/Runtime/Data/UniversalRenderPipelineAsset.cs:831)
UnityEngine.Rendering.RenderPipelineAsset:InternalCreatePipeline ()
UnityEngine.Rendering.RenderPipelineManager:TryPrepareRenderPipeline (UnityEngine.Rendering.RenderPipelineAsset)
UnityEngine.Rendering.RenderPipelineManager:DoRenderLoop_Internal (UnityEngine.Rendering.RenderPipelineAsset,intptr,UnityEngine.Object,Unity.Collections.LowLevel.Unsafe.AtomicSafetyHandle)
UnityEngine.Camera:Render ()
UnityEditor.PreviewRenderUtility:Render (bool,bool)
UnityEditor.GameObjectInspector:DoRenderPreview (UnityEditor.GameObjectInspector/PreviewData)
UnityEditor.GameObjectInspector:RenderStaticPreview (string,UnityEngine.Object[],int,int)
UnityEditor.AssetPreviewUpdater:CreatePreview (UnityEngine.Object,UnityEngine.Object[],string,int,int)
UnityEditor.AssetPreviewUpdater:CreatePreviewForAsset (UnityEngine.Object,UnityEngine.Object[],string)

(Filename: ./Library/PackageCache/com.unity.render-pipelines.universal@37e0d4fc2503/Runtime/Passes/PostProcessPassRenderGraph.cs Line: 3107)

Missing shader. PostProcessing render passes will not execute. Check for missing reference in the renderer resources.
UnityEngine.Debug:ExtractStackTraceNoAlloc (byte*,int,string)
UnityEngine.StackTraceUtility:ExtractStackTrace ()
UnityEngine.DebugLogHandler:Internal_Log (UnityEngine.LogType,UnityEngine.LogOption,string,UnityEngine.Object)
UnityEngine.DebugLogHandler:LogFormat (UnityEngine.LogType,UnityEngine.Object,string,object[])
UnityEngine.Logger:LogFormat (UnityEngine.LogType,string,object[])
UnityEngine.Debug:LogErrorFormat (string,object[])
UnityEngine.Rendering.Universal.PostProcessMaterialLibrary:Load (UnityEngine.Shader) (at ./Library/PackageCache/com.unity.render-pipelines.universal@37e0d4fc2503/Runtime/Passes/PostProcessPassRenderGraph.cs:3107)
UnityEngine.Rendering.Universal.PostProcessMaterialLibrary:.ctor (UnityEngine.Rendering.Universal.PostProcessData) (at ./Library/PackageCache/com.unity.render-pipelines.universal@37e0d4fc2503/Runtime/Passes/PostProcessPassRenderGraph.cs:3098)
UnityEngine.Rendering.Universal.PostProcessPassRenderGraph:.ctor (UnityEngine.Rendering.Universal.PostProcessData,UnityEngine.Experimental.Rendering.GraphicsFormat) (at ./Library/PackageCache/com.unity.render-pipelines.universal@37e0d4fc2503/Runtime/Passes/PostProcessPassRenderGraph.cs:172)
UnityEngine.Rendering.Universal.Renderer2D:.ctor (UnityEngine.Rendering.Universal.Renderer2DData) (at ./Library/PackageCache/com.unity.render-pipelines.universal@37e0d4fc2503/Runtime/2D/Rendergraph/Renderer2DRendergraph.cs:139)
UnityEngine.Rendering.Universal.Renderer2DData:Create () (at ./Library/PackageCache/com.unity.render-pipelines.universal@37e0d4fc2503/Runtime/2D/Renderer2DData.cs:101)
UnityEngine.Rendering.Universal.ScriptableRendererData:InternalCreateRenderer () (at ./Library/PackageCache/com.unity.render-pipelines.universal@37e0d4fc2503/Runtime/ScriptableRendererData.cs:68)
UnityEngine.Rendering.Universal.UniversalRenderPipelineAsset:CreateRenderers () (at ./Library/PackageCache/com.unity.render-pipelines.universal@37e0d4fc2503/Runtime/Data/UniversalRenderPipelineAsset.cs:884)
UnityEngine.Rendering.Universal.UniversalRenderPipelineAsset:CreatePipeline () (at ./Library/PackageCache/com.unity.render-pipelines.universal@37e0d4fc2503/Runtime/Data/UniversalRenderPipelineAsset.cs:831)
UnityEngine.Rendering.RenderPipelineAsset:InternalCreatePipeline ()
UnityEngine.Rendering.RenderPipelineManager:TryPrepareRenderPipeline (UnityEngine.Rendering.RenderPipelineAsset)
UnityEngine.Rendering.RenderPipelineManager:DoRenderLoop_Internal (UnityEngine.Rendering.RenderPipelineAsset,intptr,UnityEngine.Object,Unity.Collections.LowLevel.Unsafe.AtomicSafetyHandle)
UnityEngine.Camera:Render ()
UnityEditor.PreviewRenderUtility:Render (bool,bool)
UnityEditor.GameObjectInspector:DoRenderPreview (UnityEditor.GameObjectInspector/PreviewData)
UnityEditor.GameObjectInspector:RenderStaticPreview (string,UnityEngine.Object[],int,int)
UnityEditor.AssetPreviewUpdater:CreatePreview (UnityEngine.Object,UnityEngine.Object[],string,int,int)
UnityEditor.AssetPreviewUpdater:CreatePreviewForAsset (UnityEngine.Object,UnityEngine.Object[],string)

(Filename: ./Library/PackageCache/com.unity.render-pipelines.universal@37e0d4fc2503/Runtime/Passes/PostProcessPassRenderGraph.cs Line: 3107)

Missing shader. PostProcessing render passes will not execute. Check for missing reference in the renderer resources.
UnityEngine.Debug:ExtractStackTraceNoAlloc (byte*,int,string)
UnityEngine.StackTraceUtility:ExtractStackTrace ()
UnityEngine.DebugLogHandler:Internal_Log (UnityEngine.LogType,UnityEngine.LogOption,string,UnityEngine.Object)
UnityEngine.DebugLogHandler:LogFormat (UnityEngine.LogType,UnityEngine.Object,string,object[])
UnityEngine.Logger:LogFormat (UnityEngine.LogType,string,object[])
UnityEngine.Debug:LogErrorFormat (string,object[])
UnityEngine.Rendering.Universal.PostProcessMaterialLibrary:Load (UnityEngine.Shader) (at ./Library/PackageCache/com.unity.render-pipelines.universal@37e0d4fc2503/Runtime/Passes/PostProcessPassRenderGraph.cs:3107)
UnityEngine.Rendering.Universal.PostProcessMaterialLibrary:.ctor (UnityEngine.Rendering.Universal.PostProcessData) (at ./Library/PackageCache/com.unity.render-pipelines.universal@37e0d4fc2503/Runtime/Passes/PostProcessPassRenderGraph.cs:3098)
UnityEngine.Rendering.Universal.PostProcessPassRenderGraph:.ctor (UnityEngine.Rendering.Universal.PostProcessData,UnityEngine.Experimental.Rendering.GraphicsFormat) (at ./Library/PackageCache/com.unity.render-pipelines.universal@37e0d4fc2503/Runtime/Passes/PostProcessPassRenderGraph.cs:172)
UnityEngine.Rendering.Universal.Renderer2D:.ctor (UnityEngine.Rendering.Universal.Renderer2DData) (at ./Library/PackageCache/com.unity.render-pipelines.universal@37e0d4fc2503/Runtime/2D/Rendergraph/Renderer2DRendergraph.cs:139)
UnityEngine.Rendering.Universal.Renderer2DData:Create () (at ./Library/PackageCache/com.unity.render-pipelines.universal@37e0d4fc2503/Runtime/2D/Renderer2DData.cs:101)
UnityEngine.Rendering.Universal.ScriptableRendererData:InternalCreateRenderer () (at ./Library/PackageCache/com.unity.render-pipelines.universal@37e0d4fc2503/Runtime/ScriptableRendererData.cs:68)
UnityEngine.Rendering.Universal.UniversalRenderPipelineAsset:CreateRenderers () (at ./Library/PackageCache/com.unity.render-pipelines.universal@37e0d4fc2503/Runtime/Data/UniversalRenderPipelineAsset.cs:884)
UnityEngine.Rendering.Universal.UniversalRenderPipelineAsset:CreatePipeline () (at ./Library/PackageCache/com.unity.render-pipelines.universal@37e0d4fc2503/Runtime/Data/UniversalRenderPipelineAsset.cs:831)
UnityEngine.Rendering.RenderPipelineAsset:InternalCreatePipeline ()
UnityEngine.Rendering.RenderPipelineManager:TryPrepareRenderPipeline (UnityEngine.Rendering.RenderPipelineAsset)
UnityEngine.Rendering.RenderPipelineManager:DoRenderLoop_Internal (UnityEngine.Rendering.RenderPipelineAsset,intptr,UnityEngine.Object,Unity.Collections.LowLevel.Unsafe.AtomicSafetyHandle)
UnityEngine.Camera:Render ()
UnityEditor.PreviewRenderUtility:Render (bool,bool)
UnityEditor.GameObjectInspector:DoRenderPreview (UnityEditor.GameObjectInspector/PreviewData)
UnityEditor.GameObjectInspector:RenderStaticPreview (string,UnityEngine.Object[],int,int)
UnityEditor.AssetPreviewUpdater:CreatePreview (UnityEngine.Object,UnityEngine.Object[],string,int,int)
UnityEditor.AssetPreviewUpdater:CreatePreviewForAsset (UnityEngine.Object,UnityEngine.Object[],string)

(Filename: ./Library/PackageCache/com.unity.render-pipelines.universal@37e0d4fc2503/Runtime/Passes/PostProcessPassRenderGraph.cs Line: 3107)

Missing shader. PostProcessing render passes will not execute. Check for missing reference in the renderer resources.
UnityEngine.Debug:ExtractStackTraceNoAlloc (byte*,int,string)
UnityEngine.StackTraceUtility:ExtractStackTrace ()
UnityEngine.DebugLogHandler:Internal_Log (UnityEngine.LogType,UnityEngine.LogOption,string,UnityEngine.Object)
UnityEngine.DebugLogHandler:LogFormat (UnityEngine.LogType,UnityEngine.Object,string,object[])
UnityEngine.Logger:LogFormat (UnityEngine.LogType,string,object[])
UnityEngine.Debug:LogErrorFormat (string,object[])
UnityEngine.Rendering.Universal.PostProcessMaterialLibrary:Load (UnityEngine.Shader) (at ./Library/PackageCache/com.unity.render-pipelines.universal@37e0d4fc2503/Runtime/Passes/PostProcessPassRenderGraph.cs:3107)
UnityEngine.Rendering.Universal.PostProcessMaterialLibrary:.ctor (UnityEngine.Rendering.Universal.PostProcessData) (at ./Library/PackageCache/com.unity.render-pipelines.universal@37e0d4fc2503/Runtime/Passes/PostProcessPassRenderGraph.cs:3098)
UnityEngine.Rendering.Universal.PostProcessPassRenderGraph:.ctor (UnityEngine.Rendering.Universal.PostProcessData,UnityEngine.Experimental.Rendering.GraphicsFormat) (at ./Library/PackageCache/com.unity.render-pipelines.universal@37e0d4fc2503/Runtime/Passes/PostProcessPassRenderGraph.cs:172)
UnityEngine.Rendering.Universal.Renderer2D:.ctor (UnityEngine.Rendering.Universal.Renderer2DData) (at ./Library/PackageCache/com.unity.render-pipelines.universal@37e0d4fc2503/Runtime/2D/Rendergraph/Renderer2DRendergraph.cs:139)
UnityEngine.Rendering.Universal.Renderer2DData:Create () (at ./Library/PackageCache/com.unity.render-pipelines.universal@37e0d4fc2503/Runtime/2D/Renderer2DData.cs:101)
UnityEngine.Rendering.Universal.ScriptableRendererData:InternalCreateRenderer () (at ./Library/PackageCache/com.unity.render-pipelines.universal@37e0d4fc2503/Runtime/ScriptableRendererData.cs:68)
UnityEngine.Rendering.Universal.UniversalRenderPipelineAsset:CreateRenderers () (at ./Library/PackageCache/com.unity.render-pipelines.universal@37e0d4fc2503/Runtime/Data/UniversalRenderPipelineAsset.cs:884)
UnityEngine.Rendering.Universal.UniversalRenderPipelineAsset:CreatePipeline () (at ./Library/PackageCache/com.unity.render-pipelines.universal@37e0d4fc2503/Runtime/Data/UniversalRenderPipelineAsset.cs:831)
UnityEngine.Rendering.RenderPipelineAsset:InternalCreatePipeline ()
UnityEngine.Rendering.RenderPipelineManager:TryPrepareRenderPipeline (UnityEngine.Rendering.RenderPipelineAsset)
UnityEngine.Rendering.RenderPipelineManager:DoRenderLoop_Internal (UnityEngine.Rendering.RenderPipelineAsset,intptr,UnityEngine.Object,Unity.Collections.LowLevel.Unsafe.AtomicSafetyHandle)
UnityEngine.Camera:Render ()
UnityEditor.PreviewRenderUtility:Render (bool,bool)
UnityEditor.GameObjectInspector:DoRenderPreview (UnityEditor.GameObjectInspector/PreviewData)
UnityEditor.GameObjectInspector:RenderStaticPreview (string,UnityEngine.Object[],int,int)
UnityEditor.AssetPreviewUpdater:CreatePreview (UnityEngine.Object,UnityEngine.Object[],string,int,int)
UnityEditor.AssetPreviewUpdater:CreatePreviewForAsset (UnityEngine.Object,UnityEngine.Object[],string)

(Filename: ./Library/PackageCache/com.unity.render-pipelines.universal@37e0d4fc2503/Runtime/Passes/PostProcessPassRenderGraph.cs Line: 3107)

Missing shader. PostProcessing render passes will not execute. Check for missing reference in the renderer resources.
UnityEngine.Debug:ExtractStackTraceNoAlloc (byte*,int,string)
UnityEngine.StackTraceUtility:ExtractStackTrace ()
UnityEngine.DebugLogHandler:Internal_Log (UnityEngine.LogType,UnityEngine.LogOption,string,UnityEngine.Object)
UnityEngine.DebugLogHandler:LogFormat (UnityEngine.LogType,UnityEngine.Object,string,object[])
UnityEngine.Logger:LogFormat (UnityEngine.LogType,string,object[])
UnityEngine.Debug:LogErrorFormat (string,object[])
UnityEngine.Rendering.Universal.PostProcessMaterialLibrary:Load (UnityEngine.Shader) (at ./Library/PackageCache/com.unity.render-pipelines.universal@37e0d4fc2503/Runtime/Passes/PostProcessPassRenderGraph.cs:3107)
UnityEngine.Rendering.Universal.PostProcessMaterialLibrary:.ctor (UnityEngine.Rendering.Universal.PostProcessData) (at ./Library/PackageCache/com.unity.render-pipelines.universal@37e0d4fc2503/Runtime/Passes/PostProcessPassRenderGraph.cs:3098)
UnityEngine.Rendering.Universal.PostProcessPassRenderGraph:.ctor (UnityEngine.Rendering.Universal.PostProcessData,UnityEngine.Experimental.Rendering.GraphicsFormat) (at ./Library/PackageCache/com.unity.render-pipelines.universal@37e0d4fc2503/Runtime/Passes/PostProcessPassRenderGraph.cs:172)
UnityEngine.Rendering.Universal.Renderer2D:.ctor (UnityEngine.Rendering.Universal.Renderer2DData) (at ./Library/PackageCache/com.unity.render-pipelines.universal@37e0d4fc2503/Runtime/2D/Rendergraph/Renderer2DRendergraph.cs:139)
UnityEngine.Rendering.Universal.Renderer2DData:Create () (at ./Library/PackageCache/com.unity.render-pipelines.universal@37e0d4fc2503/Runtime/2D/Renderer2DData.cs:101)
UnityEngine.Rendering.Universal.ScriptableRendererData:InternalCreateRenderer () (at ./Library/PackageCache/com.unity.render-pipelines.universal@37e0d4fc2503/Runtime/ScriptableRendererData.cs:68)
UnityEngine.Rendering.Universal.UniversalRenderPipelineAsset:CreateRenderers () (at ./Library/PackageCache/com.unity.render-pipelines.universal@37e0d4fc2503/Runtime/Data/UniversalRenderPipelineAsset.cs:884)
UnityEngine.Rendering.Universal.UniversalRenderPipelineAsset:CreatePipeline () (at ./Library/PackageCache/com.unity.render-pipelines.universal@37e0d4fc2503/Runtime/Data/UniversalRenderPipelineAsset.cs:831)
UnityEngine.Rendering.RenderPipelineAsset:InternalCreatePipeline ()
UnityEngine.Rendering.RenderPipelineManager:TryPrepareRenderPipeline (UnityEngine.Rendering.RenderPipelineAsset)
UnityEngine.Rendering.RenderPipelineManager:DoRenderLoop_Internal (UnityEngine.Rendering.RenderPipelineAsset,intptr,UnityEngine.Object,Unity.Collections.LowLevel.Unsafe.AtomicSafetyHandle)
UnityEngine.Camera:Render ()
UnityEditor.PreviewRenderUtility:Render (bool,bool)
UnityEditor.GameObjectInspector:DoRenderPreview (UnityEditor.GameObjectInspector/PreviewData)
UnityEditor.GameObjectInspector:RenderStaticPreview (string,UnityEngine.Object[],int,int)
UnityEditor.AssetPreviewUpdater:CreatePreview (UnityEngine.Object,UnityEngine.Object[],string,int,int)
UnityEditor.AssetPreviewUpdater:CreatePreviewForAsset (UnityEngine.Object,UnityEngine.Object[],string)

(Filename: ./Library/PackageCache/com.unity.render-pipelines.universal@37e0d4fc2503/Runtime/Passes/PostProcessPassRenderGraph.cs Line: 3107)

Missing shader. PostProcessing render passes will not execute. Check for missing reference in the renderer resources.
UnityEngine.Debug:ExtractStackTraceNoAlloc (byte*,int,string)
UnityEngine.StackTraceUtility:ExtractStackTrace ()
UnityEngine.DebugLogHandler:Internal_Log (UnityEngine.LogType,UnityEngine.LogOption,string,UnityEngine.Object)
UnityEngine.DebugLogHandler:LogFormat (UnityEngine.LogType,UnityEngine.Object,string,object[])
UnityEngine.Logger:LogFormat (UnityEngine.LogType,string,object[])
UnityEngine.Debug:LogErrorFormat (string,object[])
UnityEngine.Rendering.Universal.PostProcessMaterialLibrary:Load (UnityEngine.Shader) (at ./Library/PackageCache/com.unity.render-pipelines.universal@37e0d4fc2503/Runtime/Passes/PostProcessPassRenderGraph.cs:3107)
UnityEngine.Rendering.Universal.PostProcessMaterialLibrary:.ctor (UnityEngine.Rendering.Universal.PostProcessData) (at ./Library/PackageCache/com.unity.render-pipelines.universal@37e0d4fc2503/Runtime/Passes/PostProcessPassRenderGraph.cs:3098)
UnityEngine.Rendering.Universal.PostProcessPassRenderGraph:.ctor (UnityEngine.Rendering.Universal.PostProcessData,UnityEngine.Experimental.Rendering.GraphicsFormat) (at ./Library/PackageCache/com.unity.render-pipelines.universal@37e0d4fc2503/Runtime/Passes/PostProcessPassRenderGraph.cs:172)
UnityEngine.Rendering.Universal.Renderer2D:.ctor (UnityEngine.Rendering.Universal.Renderer2DData) (at ./Library/PackageCache/com.unity.render-pipelines.universal@37e0d4fc2503/Runtime/2D/Rendergraph/Renderer2DRendergraph.cs:139)
UnityEngine.Rendering.Universal.Renderer2DData:Create () (at ./Library/PackageCache/com.unity.render-pipelines.universal@37e0d4fc2503/Runtime/2D/Renderer2DData.cs:101)
UnityEngine.Rendering.Universal.ScriptableRendererData:InternalCreateRenderer () (at ./Library/PackageCache/com.unity.render-pipelines.universal@37e0d4fc2503/Runtime/ScriptableRendererData.cs:68)
UnityEngine.Rendering.Universal.UniversalRenderPipelineAsset:CreateRenderers () (at ./Library/PackageCache/com.unity.render-pipelines.universal@37e0d4fc2503/Runtime/Data/UniversalRenderPipelineAsset.cs:884)
UnityEngine.Rendering.Universal.UniversalRenderPipelineAsset:CreatePipeline () (at ./Library/PackageCache/com.unity.render-pipelines.universal@37e0d4fc2503/Runtime/Data/UniversalRenderPipelineAsset.cs:831)
UnityEngine.Rendering.RenderPipelineAsset:InternalCreatePipeline ()
UnityEngine.Rendering.RenderPipelineManager:TryPrepareRenderPipeline (UnityEngine.Rendering.RenderPipelineAsset)
UnityEngine.Rendering.RenderPipelineManager:DoRenderLoop_Internal (UnityEngine.Rendering.RenderPipelineAsset,intptr,UnityEngine.Object,Unity.Collections.LowLevel.Unsafe.AtomicSafetyHandle)
UnityEngine.Camera:Render ()
UnityEditor.PreviewRenderUtility:Render (bool,bool)
UnityEditor.GameObjectInspector:DoRenderPreview (UnityEditor.GameObjectInspector/PreviewData)
UnityEditor.GameObjectInspector:RenderStaticPreview (string,UnityEngine.Object[],int,int)
UnityEditor.AssetPreviewUpdater:CreatePreview (UnityEngine.Object,UnityEngine.Object[],string,int,int)
UnityEditor.AssetPreviewUpdater:CreatePreviewForAsset (UnityEngine.Object,UnityEngine.Object[],string)

(Filename: ./Library/PackageCache/com.unity.render-pipelines.universal@37e0d4fc2503/Runtime/Passes/PostProcessPassRenderGraph.cs Line: 3107)

Missing shader. PostProcessing render passes will not execute. Check for missing reference in the renderer resources.
UnityEngine.Debug:ExtractStackTraceNoAlloc (byte*,int,string)
UnityEngine.StackTraceUtility:ExtractStackTrace ()
UnityEngine.DebugLogHandler:Internal_Log (UnityEngine.LogType,UnityEngine.LogOption,string,UnityEngine.Object)
UnityEngine.DebugLogHandler:LogFormat (UnityEngine.LogType,UnityEngine.Object,string,object[])
UnityEngine.Logger:LogFormat (UnityEngine.LogType,string,object[])
UnityEngine.Debug:LogErrorFormat (string,object[])
UnityEngine.Rendering.Universal.PostProcessMaterialLibrary:Load (UnityEngine.Shader) (at ./Library/PackageCache/com.unity.render-pipelines.universal@37e0d4fc2503/Runtime/Passes/PostProcessPassRenderGraph.cs:3107)
UnityEngine.Rendering.Universal.PostProcessMaterialLibrary:.ctor (UnityEngine.Rendering.Universal.PostProcessData) (at ./Library/PackageCache/com.unity.render-pipelines.universal@37e0d4fc2503/Runtime/Passes/PostProcessPassRenderGraph.cs:3098)
UnityEngine.Rendering.Universal.PostProcessPassRenderGraph:.ctor (UnityEngine.Rendering.Universal.PostProcessData,UnityEngine.Experimental.Rendering.GraphicsFormat) (at ./Library/PackageCache/com.unity.render-pipelines.universal@37e0d4fc2503/Runtime/Passes/PostProcessPassRenderGraph.cs:172)
UnityEngine.Rendering.Universal.Renderer2D:.ctor (UnityEngine.Rendering.Universal.Renderer2DData) (at ./Library/PackageCache/com.unity.render-pipelines.universal@37e0d4fc2503/Runtime/2D/Rendergraph/Renderer2DRendergraph.cs:139)
UnityEngine.Rendering.Universal.Renderer2DData:Create () (at ./Library/PackageCache/com.unity.render-pipelines.universal@37e0d4fc2503/Runtime/2D/Renderer2DData.cs:101)
UnityEngine.Rendering.Universal.ScriptableRendererData:InternalCreateRenderer () (at ./Library/PackageCache/com.unity.render-pipelines.universal@37e0d4fc2503/Runtime/ScriptableRendererData.cs:68)
UnityEngine.Rendering.Universal.UniversalRenderPipelineAsset:CreateRenderers () (at ./Library/PackageCache/com.unity.render-pipelines.universal@37e0d4fc2503/Runtime/Data/UniversalRenderPipelineAsset.cs:884)
UnityEngine.Rendering.Universal.UniversalRenderPipelineAsset:CreatePipeline () (at ./Library/PackageCache/com.unity.render-pipelines.universal@37e0d4fc2503/Runtime/Data/UniversalRenderPipelineAsset.cs:831)
UnityEngine.Rendering.RenderPipelineAsset:InternalCreatePipeline ()
UnityEngine.Rendering.RenderPipelineManager:TryPrepareRenderPipeline (UnityEngine.Rendering.RenderPipelineAsset)
UnityEngine.Rendering.RenderPipelineManager:DoRenderLoop_Internal (UnityEngine.Rendering.RenderPipelineAsset,intptr,UnityEngine.Object,Unity.Collections.LowLevel.Unsafe.AtomicSafetyHandle)
UnityEngine.Camera:Render ()
UnityEditor.PreviewRenderUtility:Render (bool,bool)
UnityEditor.GameObjectInspector:DoRenderPreview (UnityEditor.GameObjectInspector/PreviewData)
UnityEditor.GameObjectInspector:RenderStaticPreview (string,UnityEngine.Object[],int,int)
UnityEditor.AssetPreviewUpdater:CreatePreview (UnityEngine.Object,UnityEngine.Object[],string,int,int)
UnityEditor.AssetPreviewUpdater:CreatePreviewForAsset (UnityEngine.Object,UnityEngine.Object[],string)

(Filename: ./Library/PackageCache/com.unity.render-pipelines.universal@37e0d4fc2503/Runtime/Passes/PostProcessPassRenderGraph.cs Line: 3107)

Missing shader. PostProcessing render passes will not execute. Check for missing reference in the renderer resources.
UnityEngine.Debug:ExtractStackTraceNoAlloc (byte*,int,string)
UnityEngine.StackTraceUtility:ExtractStackTrace ()
UnityEngine.DebugLogHandler:Internal_Log (UnityEngine.LogType,UnityEngine.LogOption,string,UnityEngine.Object)
UnityEngine.DebugLogHandler:LogFormat (UnityEngine.LogType,UnityEngine.Object,string,object[])
UnityEngine.Logger:LogFormat (UnityEngine.LogType,string,object[])
UnityEngine.Debug:LogErrorFormat (string,object[])
UnityEngine.Rendering.Universal.PostProcessMaterialLibrary:Load (UnityEngine.Shader) (at ./Library/PackageCache/com.unity.render-pipelines.universal@37e0d4fc2503/Runtime/Passes/PostProcessPassRenderGraph.cs:3107)
UnityEngine.Rendering.Universal.PostProcessMaterialLibrary:.ctor (UnityEngine.Rendering.Universal.PostProcessData) (at ./Library/PackageCache/com.unity.render-pipelines.universal@37e0d4fc2503/Runtime/Passes/PostProcessPassRenderGraph.cs:3098)
UnityEngine.Rendering.Universal.PostProcessPassRenderGraph:.ctor (UnityEngine.Rendering.Universal.PostProcessData,UnityEngine.Experimental.Rendering.GraphicsFormat) (at ./Library/PackageCache/com.unity.render-pipelines.universal@37e0d4fc2503/Runtime/Passes/PostProcessPassRenderGraph.cs:172)
UnityEngine.Rendering.Universal.Renderer2D:.ctor (UnityEngine.Rendering.Universal.Renderer2DData) (at ./Library/PackageCache/com.unity.render-pipelines.universal@37e0d4fc2503/Runtime/2D/Rendergraph/Renderer2DRendergraph.cs:139)
UnityEngine.Rendering.Universal.Renderer2DData:Create () (at ./Library/PackageCache/com.unity.render-pipelines.universal@37e0d4fc2503/Runtime/2D/Renderer2DData.cs:101)
UnityEngine.Rendering.Universal.ScriptableRendererData:InternalCreateRenderer () (at ./Library/PackageCache/com.unity.render-pipelines.universal@37e0d4fc2503/Runtime/ScriptableRendererData.cs:68)
UnityEngine.Rendering.Universal.UniversalRenderPipelineAsset:CreateRenderers () (at ./Library/PackageCache/com.unity.render-pipelines.universal@37e0d4fc2503/Runtime/Data/UniversalRenderPipelineAsset.cs:884)
UnityEngine.Rendering.Universal.UniversalRenderPipelineAsset:CreatePipeline () (at ./Library/PackageCache/com.unity.render-pipelines.universal@37e0d4fc2503/Runtime/Data/UniversalRenderPipelineAsset.cs:831)
UnityEngine.Rendering.RenderPipelineAsset:InternalCreatePipeline ()
UnityEngine.Rendering.RenderPipelineManager:TryPrepareRenderPipeline (UnityEngine.Rendering.RenderPipelineAsset)
UnityEngine.Rendering.RenderPipelineManager:DoRenderLoop_Internal (UnityEngine.Rendering.RenderPipelineAsset,intptr,UnityEngine.Object,Unity.Collections.LowLevel.Unsafe.AtomicSafetyHandle)
UnityEngine.Camera:Render ()
UnityEditor.PreviewRenderUtility:Render (bool,bool)
UnityEditor.GameObjectInspector:DoRenderPreview (UnityEditor.GameObjectInspector/PreviewData)
UnityEditor.GameObjectInspector:RenderStaticPreview (string,UnityEngine.Object[],int,int)
UnityEditor.AssetPreviewUpdater:CreatePreview (UnityEngine.Object,UnityEngine.Object[],string,int,int)
UnityEditor.AssetPreviewUpdater:CreatePreviewForAsset (UnityEngine.Object,UnityEngine.Object[],string)

(Filename: ./Library/PackageCache/com.unity.render-pipelines.universal@37e0d4fc2503/Runtime/Passes/PostProcessPassRenderGraph.cs Line: 3107)

Missing shader. PostProcessing render passes will not execute. Check for missing reference in the renderer resources.
UnityEngine.Debug:ExtractStackTraceNoAlloc (byte*,int,string)
UnityEngine.StackTraceUtility:ExtractStackTrace ()
UnityEngine.DebugLogHandler:Internal_Log (UnityEngine.LogType,UnityEngine.LogOption,string,UnityEngine.Object)
UnityEngine.DebugLogHandler:LogFormat (UnityEngine.LogType,UnityEngine.Object,string,object[])
UnityEngine.Logger:LogFormat (UnityEngine.LogType,string,object[])
UnityEngine.Debug:LogErrorFormat (string,object[])
UnityEngine.Rendering.Universal.PostProcessMaterialLibrary:Load (UnityEngine.Shader) (at ./Library/PackageCache/com.unity.render-pipelines.universal@37e0d4fc2503/Runtime/Passes/PostProcessPassRenderGraph.cs:3107)
UnityEngine.Rendering.Universal.PostProcessMaterialLibrary:.ctor (UnityEngine.Rendering.Universal.PostProcessData) (at ./Library/PackageCache/com.unity.render-pipelines.universal@37e0d4fc2503/Runtime/Passes/PostProcessPassRenderGraph.cs:3098)
UnityEngine.Rendering.Universal.PostProcessPassRenderGraph:.ctor (UnityEngine.Rendering.Universal.PostProcessData,UnityEngine.Experimental.Rendering.GraphicsFormat) (at ./Library/PackageCache/com.unity.render-pipelines.universal@37e0d4fc2503/Runtime/Passes/PostProcessPassRenderGraph.cs:172)
UnityEngine.Rendering.Universal.Renderer2D:.ctor (UnityEngine.Rendering.Universal.Renderer2DData) (at ./Library/PackageCache/com.unity.render-pipelines.universal@37e0d4fc2503/Runtime/2D/Rendergraph/Renderer2DRendergraph.cs:139)
UnityEngine.Rendering.Universal.Renderer2DData:Create () (at ./Library/PackageCache/com.unity.render-pipelines.universal@37e0d4fc2503/Runtime/2D/Renderer2DData.cs:101)
UnityEngine.Rendering.Universal.ScriptableRendererData:InternalCreateRenderer () (at ./Library/PackageCache/com.unity.render-pipelines.universal@37e0d4fc2503/Runtime/ScriptableRendererData.cs:68)
UnityEngine.Rendering.Universal.UniversalRenderPipelineAsset:CreateRenderers () (at ./Library/PackageCache/com.unity.render-pipelines.universal@37e0d4fc2503/Runtime/Data/UniversalRenderPipelineAsset.cs:884)
UnityEngine.Rendering.Universal.UniversalRenderPipelineAsset:CreatePipeline () (at ./Library/PackageCache/com.unity.render-pipelines.universal@37e0d4fc2503/Runtime/Data/UniversalRenderPipelineAsset.cs:831)
UnityEngine.Rendering.RenderPipelineAsset:InternalCreatePipeline ()
UnityEngine.Rendering.RenderPipelineManager:TryPrepareRenderPipeline (UnityEngine.Rendering.RenderPipelineAsset)
UnityEngine.Rendering.RenderPipelineManager:DoRenderLoop_Internal (UnityEngine.Rendering.RenderPipelineAsset,intptr,UnityEngine.Object,Unity.Collections.LowLevel.Unsafe.AtomicSafetyHandle)
UnityEngine.Camera:Render ()
UnityEditor.PreviewRenderUtility:Render (bool,bool)
UnityEditor.GameObjectInspector:DoRenderPreview (UnityEditor.GameObjectInspector/PreviewData)
UnityEditor.GameObjectInspector:RenderStaticPreview (string,UnityEngine.Object[],int,int)
UnityEditor.AssetPreviewUpdater:CreatePreview (UnityEngine.Object,UnityEngine.Object[],string,int,int)
UnityEditor.AssetPreviewUpdater:CreatePreviewForAsset (UnityEngine.Object,UnityEngine.Object[],string)

(Filename: ./Library/PackageCache/com.unity.render-pipelines.universal@37e0d4fc2503/Runtime/Passes/PostProcessPassRenderGraph.cs Line: 3107)

Missing shader. PostProcessing render passes will not execute. Check for missing reference in the renderer resources.
UnityEngine.Debug:ExtractStackTraceNoAlloc (byte*,int,string)
UnityEngine.StackTraceUtility:ExtractStackTrace ()
UnityEngine.DebugLogHandler:Internal_Log (UnityEngine.LogType,UnityEngine.LogOption,string,UnityEngine.Object)
UnityEngine.DebugLogHandler:LogFormat (UnityEngine.LogType,UnityEngine.Object,string,object[])
UnityEngine.Logger:LogFormat (UnityEngine.LogType,string,object[])
UnityEngine.Debug:LogErrorFormat (string,object[])
UnityEngine.Rendering.Universal.PostProcessMaterialLibrary:Load (UnityEngine.Shader) (at ./Library/PackageCache/com.unity.render-pipelines.universal@37e0d4fc2503/Runtime/Passes/PostProcessPassRenderGraph.cs:3107)
UnityEngine.Rendering.Universal.PostProcessMaterialLibrary:.ctor (UnityEngine.Rendering.Universal.PostProcessData) (at ./Library/PackageCache/com.unity.render-pipelines.universal@37e0d4fc2503/Runtime/Passes/PostProcessPassRenderGraph.cs:3098)
UnityEngine.Rendering.Universal.PostProcessPassRenderGraph:.ctor (UnityEngine.Rendering.Universal.PostProcessData,UnityEngine.Experimental.Rendering.GraphicsFormat) (at ./Library/PackageCache/com.unity.render-pipelines.universal@37e0d4fc2503/Runtime/Passes/PostProcessPassRenderGraph.cs:172)
UnityEngine.Rendering.Universal.Renderer2D:.ctor (UnityEngine.Rendering.Universal.Renderer2DData) (at ./Library/PackageCache/com.unity.render-pipelines.universal@37e0d4fc2503/Runtime/2D/Rendergraph/Renderer2DRendergraph.cs:139)
UnityEngine.Rendering.Universal.Renderer2DData:Create () (at ./Library/PackageCache/com.unity.render-pipelines.universal@37e0d4fc2503/Runtime/2D/Renderer2DData.cs:101)
UnityEngine.Rendering.Universal.ScriptableRendererData:InternalCreateRenderer () (at ./Library/PackageCache/com.unity.render-pipelines.universal@37e0d4fc2503/Runtime/ScriptableRendererData.cs:68)
UnityEngine.Rendering.Universal.UniversalRenderPipelineAsset:CreateRenderers () (at ./Library/PackageCache/com.unity.render-pipelines.universal@37e0d4fc2503/Runtime/Data/UniversalRenderPipelineAsset.cs:884)
UnityEngine.Rendering.Universal.UniversalRenderPipelineAsset:CreatePipeline () (at ./Library/PackageCache/com.unity.render-pipelines.universal@37e0d4fc2503/Runtime/Data/UniversalRenderPipelineAsset.cs:831)
UnityEngine.Rendering.RenderPipelineAsset:InternalCreatePipeline ()
UnityEngine.Rendering.RenderPipelineManager:TryPrepareRenderPipeline (UnityEngine.Rendering.RenderPipelineAsset)
UnityEngine.Rendering.RenderPipelineManager:DoRenderLoop_Internal (UnityEngine.Rendering.RenderPipelineAsset,intptr,UnityEngine.Object,Unity.Collections.LowLevel.Unsafe.AtomicSafetyHandle)
UnityEngine.Camera:Render ()
UnityEditor.PreviewRenderUtility:Render (bool,bool)
UnityEditor.GameObjectInspector:DoRenderPreview (UnityEditor.GameObjectInspector/PreviewData)
UnityEditor.GameObjectInspector:RenderStaticPreview (string,UnityEngine.Object[],int,int)
UnityEditor.AssetPreviewUpdater:CreatePreview (UnityEngine.Object,UnityEngine.Object[],string,int,int)
UnityEditor.AssetPreviewUpdater:CreatePreviewForAsset (UnityEngine.Object,UnityEngine.Object[],string)

(Filename: ./Library/PackageCache/com.unity.render-pipelines.universal@37e0d4fc2503/Runtime/Passes/PostProcessPassRenderGraph.cs Line: 3107)

Missing shader. PostProcessing render passes will not execute. Check for missing reference in the renderer resources.
UnityEngine.Debug:ExtractStackTraceNoAlloc (byte*,int,string)
UnityEngine.StackTraceUtility:ExtractStackTrace ()
UnityEngine.DebugLogHandler:Internal_Log (UnityEngine.LogType,UnityEngine.LogOption,string,UnityEngine.Object)
UnityEngine.DebugLogHandler:LogFormat (UnityEngine.LogType,UnityEngine.Object,string,object[])
UnityEngine.Logger:LogFormat (UnityEngine.LogType,string,object[])
UnityEngine.Debug:LogErrorFormat (string,object[])
UnityEngine.Rendering.Universal.PostProcessMaterialLibrary:Load (UnityEngine.Shader) (at ./Library/PackageCache/com.unity.render-pipelines.universal@37e0d4fc2503/Runtime/Passes/PostProcessPassRenderGraph.cs:3107)
UnityEngine.Rendering.Universal.PostProcessMaterialLibrary:.ctor (UnityEngine.Rendering.Universal.PostProcessData) (at ./Library/PackageCache/com.unity.render-pipelines.universal@37e0d4fc2503/Runtime/Passes/PostProcessPassRenderGraph.cs:3098)
UnityEngine.Rendering.Universal.PostProcessPassRenderGraph:.ctor (UnityEngine.Rendering.Universal.PostProcessData,UnityEngine.Experimental.Rendering.GraphicsFormat) (at ./Library/PackageCache/com.unity.render-pipelines.universal@37e0d4fc2503/Runtime/Passes/PostProcessPassRenderGraph.cs:172)
UnityEngine.Rendering.Universal.Renderer2D:.ctor (UnityEngine.Rendering.Universal.Renderer2DData) (at ./Library/PackageCache/com.unity.render-pipelines.universal@37e0d4fc2503/Runtime/2D/Rendergraph/Renderer2DRendergraph.cs:139)
UnityEngine.Rendering.Universal.Renderer2DData:Create () (at ./Library/PackageCache/com.unity.render-pipelines.universal@37e0d4fc2503/Runtime/2D/Renderer2DData.cs:101)
UnityEngine.Rendering.Universal.ScriptableRendererData:InternalCreateRenderer () (at ./Library/PackageCache/com.unity.render-pipelines.universal@37e0d4fc2503/Runtime/ScriptableRendererData.cs:68)
UnityEngine.Rendering.Universal.UniversalRenderPipelineAsset:CreateRenderers () (at ./Library/PackageCache/com.unity.render-pipelines.universal@37e0d4fc2503/Runtime/Data/UniversalRenderPipelineAsset.cs:884)
UnityEngine.Rendering.Universal.UniversalRenderPipelineAsset:CreatePipeline () (at ./Library/PackageCache/com.unity.render-pipelines.universal@37e0d4fc2503/Runtime/Data/UniversalRenderPipelineAsset.cs:831)
UnityEngine.Rendering.RenderPipelineAsset:InternalCreatePipeline ()
UnityEngine.Rendering.RenderPipelineManager:TryPrepareRenderPipeline (UnityEngine.Rendering.RenderPipelineAsset)
UnityEngine.Rendering.RenderPipelineManager:DoRenderLoop_Internal (UnityEngine.Rendering.RenderPipelineAsset,intptr,UnityEngine.Object,Unity.Collections.LowLevel.Unsafe.AtomicSafetyHandle)
UnityEngine.Camera:Render ()
UnityEditor.PreviewRenderUtility:Render (bool,bool)
UnityEditor.GameObjectInspector:DoRenderPreview (UnityEditor.GameObjectInspector/PreviewData)
UnityEditor.GameObjectInspector:RenderStaticPreview (string,UnityEngine.Object[],int,int)
UnityEditor.AssetPreviewUpdater:CreatePreview (UnityEngine.Object,UnityEngine.Object[],string,int,int)
UnityEditor.AssetPreviewUpdater:CreatePreviewForAsset (UnityEngine.Object,UnityEngine.Object[],string)

(Filename: ./Library/PackageCache/com.unity.render-pipelines.universal@37e0d4fc2503/Runtime/Passes/PostProcessPassRenderGraph.cs Line: 3107)

Missing shader. PostProcessing render passes will not execute. Check for missing reference in the renderer resources.
UnityEngine.Debug:ExtractStackTraceNoAlloc (byte*,int,string)
UnityEngine.StackTraceUtility:ExtractStackTrace ()
UnityEngine.DebugLogHandler:Internal_Log (UnityEngine.LogType,UnityEngine.LogOption,string,UnityEngine.Object)
UnityEngine.DebugLogHandler:LogFormat (UnityEngine.LogType,UnityEngine.Object,string,object[])
UnityEngine.Logger:LogFormat (UnityEngine.LogType,string,object[])
UnityEngine.Debug:LogErrorFormat (string,object[])
UnityEngine.Rendering.Universal.PostProcessMaterialLibrary:Load (UnityEngine.Shader) (at ./Library/PackageCache/com.unity.render-pipelines.universal@37e0d4fc2503/Runtime/Passes/PostProcessPassRenderGraph.cs:3107)
UnityEngine.Rendering.Universal.PostProcessMaterialLibrary:.ctor (UnityEngine.Rendering.Universal.PostProcessData) (at ./Library/PackageCache/com.unity.render-pipelines.universal@37e0d4fc2503/Runtime/Passes/PostProcessPassRenderGraph.cs:3098)
UnityEngine.Rendering.Universal.PostProcessPassRenderGraph:.ctor (UnityEngine.Rendering.Universal.PostProcessData,UnityEngine.Experimental.Rendering.GraphicsFormat) (at ./Library/PackageCache/com.unity.render-pipelines.universal@37e0d4fc2503/Runtime/Passes/PostProcessPassRenderGraph.cs:172)
UnityEngine.Rendering.Universal.Renderer2D:.ctor (UnityEngine.Rendering.Universal.Renderer2DData) (at ./Library/PackageCache/com.unity.render-pipelines.universal@37e0d4fc2503/Runtime/2D/Rendergraph/Renderer2DRendergraph.cs:139)
UnityEngine.Rendering.Universal.Renderer2DData:Create () (at ./Library/PackageCache/com.unity.render-pipelines.universal@37e0d4fc2503/Runtime/2D/Renderer2DData.cs:101)
UnityEngine.Rendering.Universal.ScriptableRendererData:InternalCreateRenderer () (at ./Library/PackageCache/com.unity.render-pipelines.universal@37e0d4fc2503/Runtime/ScriptableRendererData.cs:68)
UnityEngine.Rendering.Universal.UniversalRenderPipelineAsset:CreateRenderers () (at ./Library/PackageCache/com.unity.render-pipelines.universal@37e0d4fc2503/Runtime/Data/UniversalRenderPipelineAsset.cs:884)
UnityEngine.Rendering.Universal.UniversalRenderPipelineAsset:CreatePipeline () (at ./Library/PackageCache/com.unity.render-pipelines.universal@37e0d4fc2503/Runtime/Data/UniversalRenderPipelineAsset.cs:831)
UnityEngine.Rendering.RenderPipelineAsset:InternalCreatePipeline ()
UnityEngine.Rendering.RenderPipelineManager:TryPrepareRenderPipeline (UnityEngine.Rendering.RenderPipelineAsset)
UnityEngine.Rendering.RenderPipelineManager:DoRenderLoop_Internal (UnityEngine.Rendering.RenderPipelineAsset,intptr,UnityEngine.Object,Unity.Collections.LowLevel.Unsafe.AtomicSafetyHandle)
UnityEngine.Camera:Render ()
UnityEditor.PreviewRenderUtility:Render (bool,bool)
UnityEditor.GameObjectInspector:DoRenderPreview (UnityEditor.GameObjectInspector/PreviewData)
UnityEditor.GameObjectInspector:RenderStaticPreview (string,UnityEngine.Object[],int,int)
UnityEditor.AssetPreviewUpdater:CreatePreview (UnityEngine.Object,UnityEngine.Object[],string,int,int)
UnityEditor.AssetPreviewUpdater:CreatePreviewForAsset (UnityEngine.Object,UnityEngine.Object[],string)

(Filename: ./Library/PackageCache/com.unity.render-pipelines.universal@37e0d4fc2503/Runtime/Passes/PostProcessPassRenderGraph.cs Line: 3107)

Missing shader. PostProcessing render passes will not execute. Check for missing reference in the renderer resources.
UnityEngine.Debug:ExtractStackTraceNoAlloc (byte*,int,string)
UnityEngine.StackTraceUtility:ExtractStackTrace ()
UnityEngine.DebugLogHandler:Internal_Log (UnityEngine.LogType,UnityEngine.LogOption,string,UnityEngine.Object)
UnityEngine.DebugLogHandler:LogFormat (UnityEngine.LogType,UnityEngine.Object,string,object[])
UnityEngine.Logger:LogFormat (UnityEngine.LogType,string,object[])
UnityEngine.Debug:LogErrorFormat (string,object[])
UnityEngine.Rendering.Universal.PostProcessMaterialLibrary:Load (UnityEngine.Shader) (at ./Library/PackageCache/com.unity.render-pipelines.universal@37e0d4fc2503/Runtime/Passes/PostProcessPassRenderGraph.cs:3107)
UnityEngine.Rendering.Universal.PostProcessMaterialLibrary:.ctor (UnityEngine.Rendering.Universal.PostProcessData) (at ./Library/PackageCache/com.unity.render-pipelines.universal@37e0d4fc2503/Runtime/Passes/PostProcessPassRenderGraph.cs:3098)
UnityEngine.Rendering.Universal.PostProcessPassRenderGraph:.ctor (UnityEngine.Rendering.Universal.PostProcessData,UnityEngine.Experimental.Rendering.GraphicsFormat) (at ./Library/PackageCache/com.unity.render-pipelines.universal@37e0d4fc2503/Runtime/Passes/PostProcessPassRenderGraph.cs:172)
UnityEngine.Rendering.Universal.Renderer2D:.ctor (UnityEngine.Rendering.Universal.Renderer2DData) (at ./Library/PackageCache/com.unity.render-pipelines.universal@37e0d4fc2503/Runtime/2D/Rendergraph/Renderer2DRendergraph.cs:139)
UnityEngine.Rendering.Universal.Renderer2DData:Create () (at ./Library/PackageCache/com.unity.render-pipelines.universal@37e0d4fc2503/Runtime/2D/Renderer2DData.cs:101)
UnityEngine.Rendering.Universal.ScriptableRendererData:InternalCreateRenderer () (at ./Library/PackageCache/com.unity.render-pipelines.universal@37e0d4fc2503/Runtime/ScriptableRendererData.cs:68)
UnityEngine.Rendering.Universal.UniversalRenderPipelineAsset:CreateRenderers () (at ./Library/PackageCache/com.unity.render-pipelines.universal@37e0d4fc2503/Runtime/Data/UniversalRenderPipelineAsset.cs:884)
UnityEngine.Rendering.Universal.UniversalRenderPipelineAsset:CreatePipeline () (at ./Library/PackageCache/com.unity.render-pipelines.universal@37e0d4fc2503/Runtime/Data/UniversalRenderPipelineAsset.cs:831)
UnityEngine.Rendering.RenderPipelineAsset:InternalCreatePipeline ()
UnityEngine.Rendering.RenderPipelineManager:TryPrepareRenderPipeline (UnityEngine.Rendering.RenderPipelineAsset)
UnityEngine.Rendering.RenderPipelineManager:DoRenderLoop_Internal (UnityEngine.Rendering.RenderPipelineAsset,intptr,UnityEngine.Object,Unity.Collections.LowLevel.Unsafe.AtomicSafetyHandle)
UnityEngine.Camera:Render ()
UnityEditor.PreviewRenderUtility:Render (bool,bool)
UnityEditor.GameObjectInspector:DoRenderPreview (UnityEditor.GameObjectInspector/PreviewData)
UnityEditor.GameObjectInspector:RenderStaticPreview (string,UnityEngine.Object[],int,int)
UnityEditor.AssetPreviewUpdater:CreatePreview (UnityEngine.Object,UnityEngine.Object[],string,int,int)
UnityEditor.AssetPreviewUpdater:CreatePreviewForAsset (UnityEngine.Object,UnityEngine.Object[],string)

(Filename: ./Library/PackageCache/com.unity.render-pipelines.universal@37e0d4fc2503/Runtime/Passes/PostProcessPassRenderGraph.cs Line: 3107)

 -> (artifact id: '5f4527885411f7006f4609f184745db5') in 0.7188637 seconds
Number of updated asset objects reloaded before import = 0Number of asset objects unloaded after import = 16

========================================================================
Received Prepare
Begin MonoManager ReloadAssembly
- Loaded All Assemblies, in  1.296 seconds
Refreshing native plugins compatible for Editor in 4.90 ms, found 4 plugins.
Native extension for UWP target not found
Native extension for WindowsStandalone target not found
Native extension for WebGL target not found
[Package Manager] Failed to launch server process. Reason: Unity was launched with the -noUpm command-line argument
[Package Manager] Unable to send message (not connected to server process).
[Package Manager] Cannot connect to Unity Package Manager local server
ScheduleIndexationOnStartup MainProcess:False IndexOnStartup:True
Mono: successfully reloaded assembly
- Finished resetting the current domain, in  1.458 seconds
Domain Reload Profiling: 2751ms
	BeginReloadAssembly (373ms)
		ExecutionOrderSort (0ms)
		DisableScriptedObjects (40ms)
		BackupInstance (0ms)
		ReleaseScriptingObjects (0ms)
		CreateAndSetChildDomain (91ms)
	RebuildCommonClasses (67ms)
	RebuildNativeTypeToScriptingClass (21ms)
	initialDomainReloadingComplete (30ms)
	LoadAllAssembliesAndSetupDomain (801ms)
		LoadAssemblies (552ms)
		RebuildTransferFunctionScriptingTraits (0ms)
		AnalyzeDomain (398ms)
			TypeCache.Refresh (19ms)
				TypeCache.ScanAssembly (0ms)
			BuildScriptInfoCaches (362ms)
			ResolveRequiredComponents (10ms)
	FinalizeReload (1458ms)
		ReleaseScriptCaches (0ms)
		RebuildScriptCaches (0ms)
		SetupLoadedEditorAssemblies (1144ms)
			LogAssemblyErrors (0ms)
			InitializePlatformSupportModulesInManaged (11ms)
			SetLoadedEditorAssemblies (22ms)
			BeforeProcessingInitializeOnLoad (280ms)
			ProcessInitializeOnLoadAttributes (658ms)
			ProcessInitializeOnLoadMethodAttributes (165ms)
			AfterProcessingInitializeOnLoad (8ms)
			EditorAssembliesLoaded (0ms)
		ExecutionOrderSort2 (0ms)
		AwakeInstancesAfterBackupRestoration (32ms)
Failed to load shader (instanceID 1002, GUID 0ca6dca7396eb48e5849247ffd444914)
Failed to load shader (instanceID 914, GUID f056d8bd2a1c7e44e9729144b4c70395)
Failed to load shader (instanceID 1020, GUID 5ec81c81908db34429b4f6ddecadd3bd)
Failed to load shader (instanceID 910, GUID c56b7e0d4c7cb484e959caeeedae9bbf)
Failed to load shader (instanceID 874, GUID 5f1864addb451f54bae8c86d230f736e)
Failed to load shader (instanceID 918, GUID d5a307c014552314b9f560906d708772)
Failed to load shader (instanceID 984, GUID 3230fdc399f8287488325e5941a00527)
Failed to load shader (instanceID 982, GUID b7839dad95683814aa64166edc107ae2)
Shader 'Universal Render Pipeline/Nature/SpeedTree7': dependency 'BillboardShader' shader 'Universal Render Pipeline/Nature/SpeedTree7 Billboard' not found
Refreshing native plugins compatible for Editor in 9.51 ms, found 4 plugins.
Preloading 0 native plugins for Editor in 0.00 ms.
Unloading 14 Unused Serialized files (Serialized files now loaded: 0)
Unloading 6968 unused Assets / (4.3 MB). Loaded Objects now: 7832.
Memory consumption went from 157.6 MB to 153.3 MB.
Total: 29.732500 ms (FindLiveObjects: 1.649900 ms CreateObjectMapping: 1.563100 ms MarkObjects: 20.421300 ms  DeleteObjects: 6.055000 ms)

Prepare: number of updated asset objects reloaded= 0
